[2024-12-19 10:26:36,949: INFO: main: Welcome to our custom log]
[2024-12-19 14:45:58,276: INFO: common: yaml file: config/config.yaml loaded successfully]
[2024-12-19 14:45:58,277: INFO: common: yaml file: params.yaml loaded successfully]
[2024-12-19 14:45:58,278: INFO: common: created directory at: artifacts]
[2024-12-19 14:45:58,279: INFO: common: created directory at: artifacts/data_ingestion]
[2024-12-19 14:45:58,279: INFO: 1620784531: Downloading data from https://drive.google.com/file/d/1JVqhD3VeZLdCxb6slnL9-z1T-A4NVASG/view?usp=sharing into file artifacts/data_ingestion/data.zip]
[2024-12-19 14:47:53,810: INFO: 1620784531: Downloaded data from https://drive.google.com/file/d/1JVqhD3VeZLdCxb6slnL9-z1T-A4NVASG/view?usp=sharing into file artifacts/data_ingestion/data.zip]
[2024-12-19 15:23:08,223: INFO: main: >>> stage Data Ingestion Stage started <<<]
[2024-12-19 15:23:08,223: INFO: common: yaml file: config/config.yaml loaded successfully]
[2024-12-19 15:23:08,224: INFO: common: yaml file: params.yaml loaded successfully]
[2024-12-19 15:23:08,224: INFO: common: created directory at: artifacts]
[2024-12-19 15:23:08,224: INFO: common: created directory at: artifacts/data_ingestion]
[2024-12-19 15:23:08,224: INFO: data_ingestion: Downloading data from https://drive.google.com/file/d/1JVqhD3VeZLdCxb6slnL9-z1T-A4NVASG/view?usp=sharing into file artifacts/data_ingestion/data.zip]
[2024-12-19 15:24:56,440: INFO: data_ingestion: Downloaded data from https://drive.google.com/file/d/1JVqhD3VeZLdCxb6slnL9-z1T-A4NVASG/view?usp=sharing into file artifacts/data_ingestion/data.zip]
[2024-12-19 15:25:03,835: INFO: main: >>> stage Data Ingestion Stage completed <<< 

x======x]
[2024-12-20 11:26:11,001: INFO: common: yaml file: config/config.yaml loaded successfully]
[2024-12-20 11:26:11,003: INFO: common: yaml file: params.yaml loaded successfully]
[2024-12-20 11:26:11,004: INFO: common: created directory at: artifacts]
[2024-12-20 11:26:11,005: INFO: common: created directory at: artifacts/prepare_base_model]
[2024-12-20 11:27:08,657: INFO: common: yaml file: config/config.yaml loaded successfully]
[2024-12-20 11:27:08,659: INFO: common: yaml file: params.yaml loaded successfully]
[2024-12-20 11:27:08,660: INFO: common: created directory at: artifacts]
[2024-12-20 11:27:08,660: INFO: common: created directory at: artifacts/prepare_base_model]
[2024-12-20 11:27:20,940: INFO: common: yaml file: config/config.yaml loaded successfully]
[2024-12-20 11:27:20,941: INFO: common: yaml file: params.yaml loaded successfully]
[2024-12-20 11:27:20,942: INFO: common: created directory at: artifacts]
[2024-12-20 11:27:20,942: INFO: common: created directory at: artifacts/prepare_base_model]
[2024-12-20 11:37:34,775: INFO: common: yaml file: config/config.yaml loaded successfully]
[2024-12-20 11:37:34,777: INFO: common: yaml file: params.yaml loaded successfully]
[2024-12-20 11:37:34,778: INFO: common: created directory at: artifacts]
[2024-12-20 11:37:34,778: INFO: common: created directory at: artifacts/prepare_base_model]
[2024-12-20 11:42:15,097: INFO: common: yaml file: config/config.yaml loaded successfully]
[2024-12-20 11:42:15,099: INFO: common: yaml file: params.yaml loaded successfully]
[2024-12-20 11:42:15,100: INFO: common: created directory at: artifacts]
[2024-12-20 11:42:15,100: INFO: common: created directory at: artifacts/prepare_base_model]
[2024-12-20 11:44:54,961: INFO: common: yaml file: config/config.yaml loaded successfully]
[2024-12-20 11:44:54,963: INFO: common: yaml file: params.yaml loaded successfully]
[2024-12-20 11:44:54,963: INFO: common: created directory at: artifacts]
[2024-12-20 11:44:54,964: INFO: common: created directory at: artifacts/prepare_base_model]
[2024-12-20 11:46:30,738: WARNING: saving_utils: Compiled the loaded model, but the compiled metrics have yet to be built. `model.compile_metrics` will be empty until you train or evaluate the model.]
[2024-12-20 11:56:50,632: INFO: common: yaml file: config/config.yaml loaded successfully]
[2024-12-20 11:56:50,634: INFO: common: yaml file: params.yaml loaded successfully]
[2024-12-20 11:56:50,635: INFO: common: created directory at: artifacts]
[2024-12-20 11:56:50,635: INFO: common: created directory at: artifacts/prepare_base_model]
[2024-12-20 11:56:53,240: WARNING: saving_utils: Compiled the loaded model, but the compiled metrics have yet to be built. `model.compile_metrics` will be empty until you train or evaluate the model.]
[2024-12-20 12:04:43,360: INFO: common: yaml file: config/config.yaml loaded successfully]
[2024-12-20 12:04:43,362: INFO: common: yaml file: params.yaml loaded successfully]
[2024-12-20 12:04:43,363: INFO: common: created directory at: artifacts]
[2024-12-20 12:04:43,364: INFO: common: created directory at: artifacts/prepare_base_model]
[2024-12-20 12:04:46,347: WARNING: saving_utils: Compiled the loaded model, but the compiled metrics have yet to be built. `model.compile_metrics` will be empty until you train or evaluate the model.]
[2024-12-20 12:05:00,502: INFO: common: yaml file: config/config.yaml loaded successfully]
[2024-12-20 12:05:00,504: INFO: common: yaml file: params.yaml loaded successfully]
[2024-12-20 12:05:00,505: INFO: common: created directory at: artifacts]
[2024-12-20 12:05:00,505: INFO: common: created directory at: artifacts/prepare_base_model]
[2024-12-20 12:05:02,997: WARNING: saving_utils: Compiled the loaded model, but the compiled metrics have yet to be built. `model.compile_metrics` will be empty until you train or evaluate the model.]
[2024-12-20 12:05:22,788: INFO: common: yaml file: config/config.yaml loaded successfully]
[2024-12-20 12:05:22,790: INFO: common: yaml file: params.yaml loaded successfully]
[2024-12-20 12:05:22,791: INFO: common: created directory at: artifacts]
[2024-12-20 12:05:22,792: INFO: common: created directory at: artifacts/prepare_base_model]
[2024-12-20 12:05:25,100: WARNING: saving_utils: Compiled the loaded model, but the compiled metrics have yet to be built. `model.compile_metrics` will be empty until you train or evaluate the model.]
[2024-12-20 12:05:26,349: WARNING: optimizer: At this time, the v2.11+ optimizer `tf.keras.optimizers.Adam` runs slowly on M1/M2 Macs, please use the legacy Keras optimizer instead, located at `tf.keras.optimizers.legacy.Adam`.]
[2024-12-20 12:07:55,547: INFO: common: yaml file: config/config.yaml loaded successfully]
[2024-12-20 12:07:55,549: INFO: common: yaml file: params.yaml loaded successfully]
[2024-12-20 12:07:55,550: INFO: common: created directory at: artifacts]
[2024-12-20 12:07:55,551: INFO: common: created directory at: artifacts/prepare_base_model]
[2024-12-20 12:07:58,631: WARNING: saving_utils: Compiled the loaded model, but the compiled metrics have yet to be built. `model.compile_metrics` will be empty until you train or evaluate the model.]
[2024-12-20 12:07:59,148: WARNING: optimizer: At this time, the v2.11+ optimizer `tf.keras.optimizers.SGD` runs slowly on M1/M2 Macs, please use the legacy Keras optimizer instead, located at `tf.keras.optimizers.legacy.SGD`.]
[2024-12-20 12:08:48,298: INFO: common: yaml file: config/config.yaml loaded successfully]
[2024-12-20 12:08:48,300: INFO: common: yaml file: params.yaml loaded successfully]
[2024-12-20 12:08:48,301: INFO: common: created directory at: artifacts]
[2024-12-20 12:08:48,301: INFO: common: created directory at: artifacts/prepare_base_model]
[2024-12-20 12:08:51,070: WARNING: saving_utils: Compiled the loaded model, but the compiled metrics have yet to be built. `model.compile_metrics` will be empty until you train or evaluate the model.]
[2024-12-20 12:08:52,231: WARNING: optimizer: At this time, the v2.11+ optimizer `tf.keras.optimizers.Adam` runs slowly on M1/M2 Macs, please use the legacy Keras optimizer instead, located at `tf.keras.optimizers.legacy.Adam`.]
[2024-12-20 12:09:44,021: INFO: common: yaml file: config/config.yaml loaded successfully]
[2024-12-20 12:09:44,023: INFO: common: yaml file: params.yaml loaded successfully]
[2024-12-20 12:09:44,024: INFO: common: created directory at: artifacts]
[2024-12-20 12:09:44,024: INFO: common: created directory at: artifacts/prepare_base_model]
[2024-12-20 12:09:46,905: WARNING: saving_utils: Compiled the loaded model, but the compiled metrics have yet to be built. `model.compile_metrics` will be empty until you train or evaluate the model.]
[2024-12-20 12:09:52,587: INFO: common: yaml file: config/config.yaml loaded successfully]
[2024-12-20 12:09:52,589: INFO: common: yaml file: params.yaml loaded successfully]
[2024-12-20 12:09:52,589: INFO: common: created directory at: artifacts]
[2024-12-20 12:09:52,590: INFO: common: created directory at: artifacts/prepare_base_model]
[2024-12-20 12:09:54,890: WARNING: saving_utils: Compiled the loaded model, but the compiled metrics have yet to be built. `model.compile_metrics` will be empty until you train or evaluate the model.]
[2024-12-20 12:10:21,127: INFO: common: yaml file: config/config.yaml loaded successfully]
[2024-12-20 12:10:21,129: INFO: common: yaml file: params.yaml loaded successfully]
[2024-12-20 12:10:21,130: INFO: common: created directory at: artifacts]
[2024-12-20 12:10:21,130: INFO: common: created directory at: artifacts/prepare_base_model]
[2024-12-20 12:10:24,006: WARNING: saving_utils: Compiled the loaded model, but the compiled metrics have yet to be built. `model.compile_metrics` will be empty until you train or evaluate the model.]
[2024-12-20 12:13:48,357: INFO: common: yaml file: config/config.yaml loaded successfully]
[2024-12-20 12:13:48,360: INFO: common: yaml file: params.yaml loaded successfully]
[2024-12-20 12:13:48,361: INFO: common: created directory at: artifacts]
[2024-12-20 12:13:48,361: INFO: common: created directory at: artifacts/prepare_base_model]
[2024-12-20 12:13:51,365: WARNING: saving_utils: Compiled the loaded model, but the compiled metrics have yet to be built. `model.compile_metrics` will be empty until you train or evaluate the model.]
[2024-12-20 12:31:12,249: INFO: main: >>> stage Data Ingestion Stage started <<<]
[2024-12-20 12:31:12,249: INFO: common: yaml file: config/config.yaml loaded successfully]
[2024-12-20 12:31:12,250: INFO: common: yaml file: params.yaml loaded successfully]
[2024-12-20 12:31:12,250: INFO: common: created directory at: artifacts]
[2024-12-20 12:31:12,250: INFO: common: created directory at: artifacts/data_ingestion]
[2024-12-20 12:31:12,250: INFO: data_ingestion: Downloading data from https://drive.google.com/file/d/1JVqhD3VeZLdCxb6slnL9-z1T-A4NVASG/view?usp=sharing into file artifacts/data_ingestion/data.zip]
[2024-12-20 12:33:01,202: INFO: data_ingestion: Downloaded data from https://drive.google.com/file/d/1JVqhD3VeZLdCxb6slnL9-z1T-A4NVASG/view?usp=sharing into file artifacts/data_ingestion/data.zip]
[2024-12-20 12:33:08,481: INFO: main: >>> stage Data Ingestion Stage completed <<< 

x======x]
[2024-12-20 12:33:08,482: INFO: main: *********]
[2024-12-20 12:33:08,482: INFO: main: >>>> stage Prepare Base Model started <<<<]
[2024-12-20 12:33:08,483: INFO: common: yaml file: config/config.yaml loaded successfully]
[2024-12-20 12:33:08,483: INFO: common: yaml file: params.yaml loaded successfully]
[2024-12-20 12:33:08,484: INFO: common: created directory at: artifacts]
[2024-12-20 12:33:08,484: INFO: common: created directory at: artifacts/prepare_base_model]
[2024-12-20 12:33:11,375: WARNING: saving_utils: Compiled the loaded model, but the compiled metrics have yet to be built. `model.compile_metrics` will be empty until you train or evaluate the model.]
[2024-12-20 12:33:13,072: INFO: main: >>>> stage Prepare Base Model completed <<<< 
 
]
[2024-12-20 13:41:46,776: INFO: common: yaml file: config/config.yaml loaded successfully]
[2024-12-20 13:41:46,778: INFO: common: yaml file: params.yaml loaded successfully]
[2024-12-20 13:41:46,778: INFO: common: created directory at: artifacts]
[2024-12-20 13:41:46,779: INFO: common: created directory at: artifacts/training]
[2024-12-20 13:55:35,610: INFO: common: yaml file: config/config.yaml loaded successfully]
[2024-12-20 13:55:35,611: INFO: common: yaml file: params.yaml loaded successfully]
[2024-12-20 13:55:35,612: INFO: common: created directory at: artifacts]
[2024-12-20 13:55:35,612: INFO: common: created directory at: artifacts/training]
[2024-12-20 14:07:21,045: INFO: common: yaml file: config/config.yaml loaded successfully]
[2024-12-20 14:07:21,046: INFO: common: yaml file: params.yaml loaded successfully]
[2024-12-20 14:07:21,047: INFO: common: created directory at: artifacts]
[2024-12-20 14:07:21,047: INFO: common: created directory at: artifacts/training]
[2024-12-20 14:07:24,850: INFO: common: yaml file: config/config.yaml loaded successfully]
[2024-12-20 14:07:24,852: INFO: common: yaml file: params.yaml loaded successfully]
[2024-12-20 14:07:24,852: INFO: common: created directory at: artifacts]
[2024-12-20 14:07:24,853: INFO: common: created directory at: artifacts/training]
[2024-12-20 14:07:38,361: INFO: common: yaml file: config/config.yaml loaded successfully]
[2024-12-20 14:07:38,362: INFO: common: yaml file: params.yaml loaded successfully]
[2024-12-20 14:07:38,363: INFO: common: created directory at: artifacts]
[2024-12-20 14:07:38,363: INFO: common: created directory at: artifacts/training]
[2024-12-20 14:14:55,416: INFO: main: >>> stage Data Ingestion Stage started <<<]
[2024-12-20 14:14:55,417: INFO: common: yaml file: config/config.yaml loaded successfully]
[2024-12-20 14:14:55,417: INFO: common: yaml file: params.yaml loaded successfully]
[2024-12-20 14:14:55,418: INFO: common: created directory at: artifacts]
[2024-12-20 14:14:55,418: INFO: common: created directory at: artifacts/data_ingestion]
[2024-12-20 14:14:55,418: INFO: data_ingestion: Downloading data from https://drive.google.com/file/d/1JVqhD3VeZLdCxb6slnL9-z1T-A4NVASG/view?usp=sharing into file artifacts/data_ingestion/data.zip]
[2024-12-20 14:17:08,682: INFO: data_ingestion: Downloaded data from https://drive.google.com/file/d/1JVqhD3VeZLdCxb6slnL9-z1T-A4NVASG/view?usp=sharing into file artifacts/data_ingestion/data.zip]
[2024-12-20 14:17:15,347: INFO: main: >>> stage Data Ingestion Stage completed <<< 

x======x]
[2024-12-20 14:17:15,347: INFO: main: *********]
[2024-12-20 14:17:15,347: INFO: main: >>>> stage Prepare Base Model started <<<<]
[2024-12-20 14:17:15,349: INFO: common: yaml file: config/config.yaml loaded successfully]
[2024-12-20 14:17:15,349: INFO: common: yaml file: params.yaml loaded successfully]
[2024-12-20 14:17:15,349: INFO: common: created directory at: artifacts]
[2024-12-20 14:17:15,349: INFO: common: created directory at: artifacts/prepare_base_model]
[2024-12-20 14:17:18,517: WARNING: saving_utils: Compiled the loaded model, but the compiled metrics have yet to be built. `model.compile_metrics` will be empty until you train or evaluate the model.]
[2024-12-20 14:17:20,324: INFO: main: >>>> stage Prepare Base Model completed <<<< 
 
]
[2024-12-20 14:18:32,545: INFO: common: yaml file: config/config.yaml loaded successfully]
[2024-12-20 14:18:32,548: INFO: common: yaml file: params.yaml loaded successfully]
[2024-12-20 14:18:32,548: INFO: common: created directory at: artifacts]
[2024-12-20 14:18:32,549: INFO: common: created directory at: artifacts/training]
[2024-12-20 14:25:59,655: INFO: main: >>> stage Data Ingestion Stage started <<<]
[2024-12-20 14:25:59,656: INFO: common: yaml file: config/config.yaml loaded successfully]
[2024-12-20 14:25:59,656: INFO: common: yaml file: params.yaml loaded successfully]
[2024-12-20 14:25:59,656: INFO: common: created directory at: artifacts]
[2024-12-20 14:25:59,656: INFO: common: created directory at: artifacts/data_ingestion]
[2024-12-20 14:25:59,656: INFO: data_ingestion: Downloading data from https://drive.google.com/file/d/1JVqhD3VeZLdCxb6slnL9-z1T-A4NVASG/view?usp=sharing into file artifacts/data_ingestion/data.zip]
[2024-12-20 14:28:04,275: INFO: data_ingestion: Downloaded data from https://drive.google.com/file/d/1JVqhD3VeZLdCxb6slnL9-z1T-A4NVASG/view?usp=sharing into file artifacts/data_ingestion/data.zip]
[2024-12-20 14:28:11,645: INFO: main: >>> stage Data Ingestion Stage completed <<< 

x======x]
[2024-12-20 14:28:11,645: INFO: main: *********]
[2024-12-20 14:28:11,645: INFO: main: >>>> stage Prepare Base Model started <<<<]
[2024-12-20 14:28:11,647: INFO: common: yaml file: config/config.yaml loaded successfully]
[2024-12-20 14:28:11,647: INFO: common: yaml file: params.yaml loaded successfully]
[2024-12-20 14:28:11,648: INFO: common: created directory at: artifacts]
[2024-12-20 14:28:11,648: INFO: common: created directory at: artifacts/prepare_base_model]
[2024-12-20 14:28:11,980: WARNING: saving_utils: Compiled the loaded model, but the compiled metrics have yet to be built. `model.compile_metrics` will be empty until you train or evaluate the model.]
[2024-12-20 14:28:12,037: WARNING: optimizer: At this time, the v2.11+ optimizer `tf.keras.optimizers.SGD` runs slowly on M1/M2 Macs, please use the legacy Keras optimizer instead, located at `tf.keras.optimizers.legacy.SGD`.]
[2024-12-20 14:28:12,038: WARNING: __init__: There is a known slowdown when using v2.11+ Keras optimizers on M1/M2 Macs. Falling back to the legacy Keras optimizer, i.e., `tf.keras.optimizers.legacy.SGD`.]
[2024-12-20 14:28:12,136: INFO: main: >>>> stage Prepare Base Model completed <<<< 
 
]
[2024-12-20 14:29:15,206: INFO: common: yaml file: config/config.yaml loaded successfully]
[2024-12-20 14:29:15,208: INFO: common: yaml file: params.yaml loaded successfully]
[2024-12-20 14:29:15,208: INFO: common: created directory at: artifacts]
[2024-12-20 14:29:15,209: INFO: common: created directory at: artifacts/training]
[2024-12-20 16:00:54,809: INFO: common: yaml file: config/config.yaml loaded successfully]
[2024-12-20 16:00:54,811: INFO: common: yaml file: params.yaml loaded successfully]
[2024-12-20 16:00:54,811: INFO: common: created directory at: artifacts]
[2024-12-20 16:01:18,211: INFO: common: yaml file: config/config.yaml loaded successfully]
[2024-12-20 16:01:18,213: INFO: common: yaml file: params.yaml loaded successfully]
[2024-12-20 16:01:18,213: INFO: common: created directory at: artifacts]
[2024-12-20 16:01:36,554: INFO: common: json file saved at: scores.json]
[2024-12-20 16:01:38,514: INFO: builder_impl: Assets written to: /var/folders/3t/wph0jhys56g0cdp9y_c2vb3r0000gn/T/tmpeo6zf77k/model/data/model/assets]
[2024-12-20 16:04:12,321: INFO: common: yaml file: config/config.yaml loaded successfully]
[2024-12-20 16:04:12,323: INFO: common: yaml file: params.yaml loaded successfully]
[2024-12-20 16:04:12,323: INFO: common: created directory at: artifacts]
[2024-12-20 16:04:30,116: INFO: common: json file saved at: scores.json]
[2024-12-20 16:04:31,784: INFO: builder_impl: Assets written to: /var/folders/3t/wph0jhys56g0cdp9y_c2vb3r0000gn/T/tmpm3xw_421/model/data/model/assets]
[2024-12-20 16:09:02,643: INFO: common: yaml file: config/config.yaml loaded successfully]
[2024-12-20 16:09:02,645: INFO: common: yaml file: params.yaml loaded successfully]
[2024-12-20 16:09:02,646: INFO: common: created directory at: artifacts]
[2024-12-20 16:09:20,505: INFO: common: json file saved at: scores.json]
[2024-12-20 16:09:23,837: INFO: builder_impl: Assets written to: /var/folders/3t/wph0jhys56g0cdp9y_c2vb3r0000gn/T/tmpcjyni_i4/model/data/model/assets]
[2024-12-20 16:19:06,548: INFO: common: yaml file: config/config.yaml loaded successfully]
[2024-12-20 16:19:06,550: INFO: common: yaml file: params.yaml loaded successfully]
[2024-12-20 16:19:06,551: INFO: common: created directory at: artifacts]
[2024-12-20 16:19:24,150: INFO: common: json file saved at: scores.json]
[2024-12-20 16:19:25,919: INFO: builder_impl: Assets written to: /var/folders/3t/wph0jhys56g0cdp9y_c2vb3r0000gn/T/tmpd86ubrjt/model/data/model/assets]
[2024-12-20 16:20:48,761: INFO: common: yaml file: config/config.yaml loaded successfully]
[2024-12-20 16:20:48,762: INFO: common: yaml file: params.yaml loaded successfully]
[2024-12-20 16:20:48,763: INFO: common: created directory at: artifacts]
[2024-12-20 16:21:06,466: INFO: common: json file saved at: scores.json]
[2024-12-20 16:21:08,132: INFO: builder_impl: Assets written to: /var/folders/3t/wph0jhys56g0cdp9y_c2vb3r0000gn/T/tmp39qhwzc3/model/data/model/assets]
[2024-12-20 16:26:05,620: INFO: common: yaml file: config/config.yaml loaded successfully]
[2024-12-20 16:26:05,622: INFO: common: yaml file: params.yaml loaded successfully]
[2024-12-20 16:26:05,623: INFO: common: created directory at: artifacts]
[2024-12-20 16:26:23,214: INFO: common: json file saved at: scores.json]
[2024-12-20 16:29:20,179: INFO: common: yaml file: config/config.yaml loaded successfully]
[2024-12-20 16:29:20,181: INFO: common: yaml file: params.yaml loaded successfully]
[2024-12-20 16:29:20,182: INFO: common: created directory at: artifacts]
[2024-12-20 16:29:37,862: INFO: common: json file saved at: scores.json]
[2024-12-20 16:29:48,085: INFO: builder_impl: Assets written to: /var/folders/3t/wph0jhys56g0cdp9y_c2vb3r0000gn/T/tmp5lx400qz/model/data/model/assets]
[2024-12-20 16:33:34,107: INFO: common: yaml file: config/config.yaml loaded successfully]
[2024-12-20 16:33:34,109: INFO: common: yaml file: params.yaml loaded successfully]
[2024-12-20 16:33:34,110: INFO: common: created directory at: artifacts]
[2024-12-20 16:33:51,743: INFO: common: json file saved at: scores.json]
[2024-12-20 16:34:03,376: INFO: builder_impl: Assets written to: /var/folders/3t/wph0jhys56g0cdp9y_c2vb3r0000gn/T/tmptyscjyc1/model/data/model/assets]
[2024-12-20 16:36:37,766: INFO: common: yaml file: config/config.yaml loaded successfully]
[2024-12-20 16:36:37,768: INFO: common: yaml file: params.yaml loaded successfully]
[2024-12-20 16:36:37,769: INFO: common: created directory at: artifacts]
[2024-12-20 16:36:55,653: INFO: common: json file saved at: scores.json]
[2024-12-20 16:37:23,518: INFO: common: yaml file: config/config.yaml loaded successfully]
[2024-12-20 16:37:23,519: INFO: common: yaml file: params.yaml loaded successfully]
[2024-12-20 16:37:23,520: INFO: common: created directory at: artifacts]
[2024-12-20 16:37:41,151: INFO: common: json file saved at: scores.json]
[2024-12-20 16:40:42,139: INFO: common: yaml file: config/config.yaml loaded successfully]
[2024-12-20 16:40:42,141: INFO: common: yaml file: params.yaml loaded successfully]
[2024-12-20 16:40:42,141: INFO: common: created directory at: artifacts]
[2024-12-20 16:40:59,911: INFO: common: json file saved at: scores.json]
[2024-12-20 16:55:40,236: INFO: common: yaml file: config/config.yaml loaded successfully]
[2024-12-20 16:55:40,239: INFO: common: yaml file: params.yaml loaded successfully]
[2024-12-20 16:55:40,240: INFO: common: created directory at: artifacts]
[2024-12-20 16:55:58,069: INFO: common: json file saved at: scores.json]
[2024-12-20 16:57:39,178: INFO: main: >>> stage Data Ingestion Stage started <<<]
[2024-12-20 16:57:39,179: INFO: common: yaml file: config/config.yaml loaded successfully]
[2024-12-20 16:57:39,179: INFO: common: yaml file: params.yaml loaded successfully]
[2024-12-20 16:57:39,179: INFO: common: created directory at: artifacts]
[2024-12-20 16:57:39,180: INFO: common: created directory at: artifacts/data_ingestion]
[2024-12-20 16:57:39,180: INFO: data_ingestion: Downloading data from https://drive.google.com/file/d/1JVqhD3VeZLdCxb6slnL9-z1T-A4NVASG/view?usp=sharing into file artifacts/data_ingestion/data.zip]
[2024-12-20 16:59:28,841: INFO: data_ingestion: Downloaded data from https://drive.google.com/file/d/1JVqhD3VeZLdCxb6slnL9-z1T-A4NVASG/view?usp=sharing into file artifacts/data_ingestion/data.zip]
[2024-12-20 16:59:35,530: INFO: main: >>> stage Data Ingestion Stage completed <<< 

x======x]
[2024-12-20 16:59:35,530: INFO: main: *********]
[2024-12-20 16:59:35,530: INFO: main: >>>> stage Prepare Base Model started <<<<]
[2024-12-20 16:59:35,531: INFO: common: yaml file: config/config.yaml loaded successfully]
[2024-12-20 16:59:35,532: INFO: common: yaml file: params.yaml loaded successfully]
[2024-12-20 16:59:35,532: INFO: common: created directory at: artifacts]
[2024-12-20 16:59:35,532: INFO: common: created directory at: artifacts/prepare_base_model]
[2024-12-20 16:59:35,800: WARNING: saving_utils: Compiled the loaded model, but the compiled metrics have yet to be built. `model.compile_metrics` will be empty until you train or evaluate the model.]
[2024-12-20 16:59:35,862: WARNING: optimizer: At this time, the v2.11+ optimizer `tf.keras.optimizers.SGD` runs slowly on M1/M2 Macs, please use the legacy Keras optimizer instead, located at `tf.keras.optimizers.legacy.SGD`.]
[2024-12-20 16:59:35,863: WARNING: __init__: There is a known slowdown when using v2.11+ Keras optimizers on M1/M2 Macs. Falling back to the legacy Keras optimizer, i.e., `tf.keras.optimizers.legacy.SGD`.]
[2024-12-20 16:59:35,954: INFO: main: >>>> stage Prepare Base Model completed <<<< 
 
]
[2024-12-20 16:59:35,954: INFO: main: *********]
[2024-12-20 16:59:35,954: INFO: main: >>>> stage Train Model started <<<<]
[2024-12-20 16:59:35,955: INFO: common: yaml file: config/config.yaml loaded successfully]
[2024-12-20 16:59:35,955: INFO: common: yaml file: params.yaml loaded successfully]
[2024-12-20 16:59:35,955: INFO: common: created directory at: artifacts]
[2024-12-20 16:59:35,955: INFO: common: created directory at: artifacts/training]
[2024-12-20 17:22:08,749: INFO: common: yaml file: config/config.yaml loaded successfully]
[2024-12-20 17:22:08,751: INFO: common: yaml file: params.yaml loaded successfully]
[2024-12-20 17:22:08,752: INFO: common: created directory at: artifacts]
[2024-12-20 17:22:08,752: INFO: common: created directory at: artifacts/training]
[2024-12-20 17:24:24,061: INFO: common: yaml file: config/config.yaml loaded successfully]
[2024-12-20 17:24:24,063: INFO: common: yaml file: params.yaml loaded successfully]
[2024-12-20 17:24:24,064: INFO: common: created directory at: artifacts]
[2024-12-20 17:24:24,064: INFO: common: created directory at: artifacts/prepare_base_model]
[2024-12-20 17:24:24,338: WARNING: saving_utils: Compiled the loaded model, but the compiled metrics have yet to be built. `model.compile_metrics` will be empty until you train or evaluate the model.]
[2024-12-20 17:25:06,045: INFO: common: yaml file: config/config.yaml loaded successfully]
[2024-12-20 17:25:06,047: INFO: common: yaml file: params.yaml loaded successfully]
[2024-12-20 17:25:06,048: INFO: common: created directory at: artifacts]
[2024-12-20 17:25:06,048: INFO: common: created directory at: artifacts/training]
[2024-12-20 17:40:26,748: INFO: common: yaml file: config/config.yaml loaded successfully]
[2024-12-20 17:40:26,750: INFO: common: yaml file: params.yaml loaded successfully]
[2024-12-20 17:40:26,751: INFO: common: created directory at: artifacts]
[2024-12-20 17:40:26,752: INFO: common: created directory at: artifacts/training]
[2024-12-20 18:30:29,739: INFO: common: yaml file: config/config.yaml loaded successfully]
[2024-12-20 18:30:29,741: INFO: common: yaml file: params.yaml loaded successfully]
[2024-12-20 18:30:29,741: INFO: common: created directory at: artifacts]
[2024-12-20 18:30:48,177: INFO: common: json file saved at: scores.json]
[2024-12-20 18:32:19,147: INFO: common: yaml file: config/config.yaml loaded successfully]
[2024-12-20 18:32:19,149: INFO: common: yaml file: params.yaml loaded successfully]
[2024-12-20 18:32:19,150: INFO: common: created directory at: artifacts]
[2024-12-20 18:32:19,151: INFO: common: created directory at: artifacts/prepare_base_model]
[2024-12-20 18:32:19,357: WARNING: saving_utils: Compiled the loaded model, but the compiled metrics have yet to be built. `model.compile_metrics` will be empty until you train or evaluate the model.]
[2024-12-20 18:32:31,589: INFO: common: yaml file: config/config.yaml loaded successfully]
[2024-12-20 18:32:31,591: INFO: common: yaml file: params.yaml loaded successfully]
[2024-12-20 18:32:31,592: INFO: common: created directory at: artifacts]
[2024-12-20 18:32:31,592: INFO: common: created directory at: artifacts/training]
[2024-12-20 19:17:49,247: INFO: common: yaml file: config/config.yaml loaded successfully]
[2024-12-20 19:17:49,249: INFO: common: yaml file: params.yaml loaded successfully]
[2024-12-20 19:17:49,250: INFO: common: created directory at: artifacts]
[2024-12-20 19:18:07,257: INFO: common: json file saved at: scores.json]
[2024-12-20 19:58:01,430: INFO: Stage_01_data_ingestion: >>> stage Data Ingestion Stage started <<<]
[2024-12-20 19:58:01,431: INFO: common: yaml file: config/config.yaml loaded successfully]
[2024-12-20 19:58:01,431: INFO: common: yaml file: params.yaml loaded successfully]
[2024-12-20 19:58:01,431: INFO: common: created directory at: artifacts]
[2024-12-20 19:58:01,431: INFO: common: created directory at: artifacts/data_ingestion]
[2024-12-20 19:58:01,431: INFO: data_ingestion: Downloading data from https://drive.google.com/file/d/1JVqhD3VeZLdCxb6slnL9-z1T-A4NVASG/view?usp=sharing into file artifacts/data_ingestion/data.zip]
[2024-12-20 20:00:04,508: INFO: data_ingestion: Downloaded data from https://drive.google.com/file/d/1JVqhD3VeZLdCxb6slnL9-z1T-A4NVASG/view?usp=sharing into file artifacts/data_ingestion/data.zip]
[2024-12-20 20:00:10,806: INFO: Stage_01_data_ingestion: >>> stage Data Ingestion Stage completed <<< 

x======x]
[2024-12-20 20:29:52,137: INFO: _internal: [31m[1mWARNING: This is a development server. Do not use it in a production deployment. Use a production WSGI server instead.[0m
 * Running on all addresses (0.0.0.0)
 * Running on http://127.0.0.1:8080
 * Running on http://10.217.68.152:8080]
[2024-12-20 20:29:52,137: INFO: _internal: [33mPress CTRL+C to quit[0m]
[2024-12-20 20:30:31,415: INFO: _internal: 127.0.0.1 - - [20/Dec/2024 20:30:31] "GET / HTTP/1.1" 200 -]
[2024-12-20 20:31:28,680: ERROR: app: Exception on /predict [POST]]
Traceback (most recent call last):
  File "/Users/spandy/miniforge3/envs/vision/lib/python3.9/site-packages/flask/app.py", line 2190, in wsgi_app
    response = self.full_dispatch_request()
  File "/Users/spandy/miniforge3/envs/vision/lib/python3.9/site-packages/flask/app.py", line 1486, in full_dispatch_request
    rv = self.handle_user_exception(e)
  File "/Users/spandy/miniforge3/envs/vision/lib/python3.9/site-packages/flask_cors/extension.py", line 194, in wrapped_function
    return cors_after_request(app.make_response(f(*args, **kwargs)))
  File "/Users/spandy/miniforge3/envs/vision/lib/python3.9/site-packages/flask/app.py", line 1484, in full_dispatch_request
    rv = self.dispatch_request()
  File "/Users/spandy/miniforge3/envs/vision/lib/python3.9/site-packages/flask/app.py", line 1469, in dispatch_request
    return self.ensure_sync(self.view_functions[rule.endpoint])(**view_args)
  File "/Users/spandy/miniforge3/envs/vision/lib/python3.9/site-packages/flask_cors/decorator.py", line 130, in wrapped_function
    resp = make_response(f(*args, **kwargs))
  File "/Volumes/Personal/projects/vision/Image-classification-DL/app.py", line 44, in predictRoute
    result = clApp.classifier.predict()
  File "/Volumes/Personal/projects/vision/Image-classification-DL/src/CNN_Classifier/pipeline/prediction.py", line 14, in predict
    model = load_model(os.path.join("model", "model.h5"))
  File "/Users/spandy/miniforge3/envs/vision/lib/python3.9/site-packages/keras/src/saving/saving_api.py", line 238, in load_model
    return legacy_sm_saving_lib.load_model(
  File "/Users/spandy/miniforge3/envs/vision/lib/python3.9/site-packages/keras/src/utils/traceback_utils.py", line 70, in error_handler
    raise e.with_traceback(filtered_tb) from None
  File "/Users/spandy/miniforge3/envs/vision/lib/python3.9/site-packages/keras/src/saving/legacy/save.py", line 234, in load_model
    raise IOError(
OSError: No file or directory found at model/model.h5
[2024-12-20 20:31:28,684: INFO: _internal: 127.0.0.1 - - [20/Dec/2024 20:31:28] "[35m[1mPOST /predict HTTP/1.1[0m" 500 -]
[2024-12-20 20:34:53,984: INFO: _internal: [31m[1mWARNING: This is a development server. Do not use it in a production deployment. Use a production WSGI server instead.[0m
 * Running on all addresses (0.0.0.0)
 * Running on http://127.0.0.1:8080
 * Running on http://10.217.68.152:8080]
[2024-12-20 20:34:53,984: INFO: _internal: [33mPress CTRL+C to quit[0m]
[2024-12-20 20:34:59,832: INFO: _internal: 127.0.0.1 - - [20/Dec/2024 20:34:59] "GET / HTTP/1.1" 200 -]
[2024-12-20 20:35:08,726: INFO: _internal: 127.0.0.1 - - [20/Dec/2024 20:35:08] "POST /predict HTTP/1.1" 200 -]
[2024-12-20 20:35:37,416: INFO: _internal: 127.0.0.1 - - [20/Dec/2024 20:35:37] "POST /predict HTTP/1.1" 200 -]
[2024-12-20 20:35:40,805: INFO: _internal: 127.0.0.1 - - [20/Dec/2024 20:35:40] "POST /predict HTTP/1.1" 200 -]
