[2024-12-20 13:48:49,726: INFO: common: yaml file: config/config.yaml loaded successfully]
[2024-12-20 13:48:49,727: INFO: common: yaml file: params.yaml loaded successfully]
[2024-12-20 13:48:49,728: INFO: common: created directory at: artifacts]
[2024-12-20 13:48:49,729: INFO: common: created directory at: artifacts/prepare_base_model]
[2024-12-20 13:48:52,136: WARNING: saving_utils: Compiled the loaded model, but the compiled metrics have yet to be built. `model.compile_metrics` will be empty until you train or evaluate the model.]
[2024-12-20 14:03:59,801: INFO: common: yaml file: config/config.yaml loaded successfully]
[2024-12-20 14:03:59,803: INFO: common: yaml file: params.yaml loaded successfully]
[2024-12-20 14:03:59,803: INFO: common: created directory at: artifacts]
[2024-12-20 14:03:59,804: INFO: common: created directory at: artifacts/prepare_base_model]
[2024-12-20 14:06:13,457: INFO: common: yaml file: config/config.yaml loaded successfully]
[2024-12-20 14:06:13,458: INFO: common: yaml file: params.yaml loaded successfully]
[2024-12-20 14:06:13,459: INFO: common: created directory at: artifacts]
[2024-12-20 14:06:13,460: INFO: common: created directory at: artifacts/prepare_base_model]
[2024-12-20 14:06:15,671: WARNING: saving_utils: Compiled the loaded model, but the compiled metrics have yet to be built. `model.compile_metrics` will be empty until you train or evaluate the model.]
[2024-12-20 14:11:27,503: INFO: common: yaml file: config/config.yaml loaded successfully]
[2024-12-20 14:11:27,505: INFO: common: yaml file: params.yaml loaded successfully]
[2024-12-20 14:11:27,505: INFO: common: created directory at: artifacts]
[2024-12-20 14:11:27,506: INFO: common: created directory at: artifacts/prepare_base_model]
[2024-12-20 14:11:34,929: WARNING: saving_utils: Compiled the loaded model, but the compiled metrics have yet to be built. `model.compile_metrics` will be empty until you train or evaluate the model.]
[2024-12-20 14:11:34,980: WARNING: optimizer: At this time, the v2.11+ optimizer `tf.keras.optimizers.SGD` runs slowly on M1/M2 Macs, please use the legacy Keras optimizer instead, located at `tf.keras.optimizers.legacy.SGD`.]
[2024-12-20 14:11:34,981: WARNING: __init__: There is a known slowdown when using v2.11+ Keras optimizers on M1/M2 Macs. Falling back to the legacy Keras optimizer, i.e., `tf.keras.optimizers.legacy.SGD`.]
[2024-12-20 14:20:35,410: INFO: common: yaml file: config/config.yaml loaded successfully]
[2024-12-20 14:20:35,413: INFO: common: yaml file: params.yaml loaded successfully]
[2024-12-20 14:20:35,413: INFO: common: created directory at: artifacts]
[2024-12-20 14:20:35,414: INFO: common: created directory at: artifacts/prepare_base_model]
[2024-12-20 14:20:35,594: WARNING: saving_utils: Compiled the loaded model, but the compiled metrics have yet to be built. `model.compile_metrics` will be empty until you train or evaluate the model.]
[2024-12-20 14:20:35,638: WARNING: optimizer: At this time, the v2.11+ optimizer `tf.keras.optimizers.SGD` runs slowly on M1/M2 Macs, please use the legacy Keras optimizer instead, located at `tf.keras.optimizers.legacy.SGD`.]
[2024-12-20 14:20:35,639: WARNING: __init__: There is a known slowdown when using v2.11+ Keras optimizers on M1/M2 Macs. Falling back to the legacy Keras optimizer, i.e., `tf.keras.optimizers.legacy.SGD`.]
[2024-12-20 14:21:45,171: INFO: common: yaml file: config/config.yaml loaded successfully]
[2024-12-20 14:21:45,174: INFO: common: yaml file: params.yaml loaded successfully]
[2024-12-20 14:21:45,174: INFO: common: created directory at: artifacts]
[2024-12-20 14:21:45,175: INFO: common: created directory at: artifacts/prepare_base_model]
[2024-12-20 14:21:45,335: WARNING: saving_utils: Compiled the loaded model, but the compiled metrics have yet to be built. `model.compile_metrics` will be empty until you train or evaluate the model.]
[2024-12-20 14:21:45,375: WARNING: optimizer: At this time, the v2.11+ optimizer `tf.keras.optimizers.SGD` runs slowly on M1/M2 Macs, please use the legacy Keras optimizer instead, located at `tf.keras.optimizers.legacy.SGD`.]
[2024-12-20 14:21:45,376: WARNING: __init__: There is a known slowdown when using v2.11+ Keras optimizers on M1/M2 Macs. Falling back to the legacy Keras optimizer, i.e., `tf.keras.optimizers.legacy.SGD`.]
